2025-03-19 23:28:02,398 INFO o.a.j.u.JMeterUtils: Setting Locale to zh_CN
2025-03-19 23:28:02,436 INFO o.a.j.JMeter: Loading user properties from: /usr/local/bin/apache-jmeter-5.6.3/bin/user.properties
2025-03-19 23:28:02,437 INFO o.a.j.JMeter: Loading system properties from: /usr/local/bin/apache-jmeter-5.6.3/bin/system.properties
2025-03-19 23:28:02,443 INFO o.a.j.JMeter: Copyright (c) 1998-2024 The Apache Software Foundation
2025-03-19 23:28:02,443 INFO o.a.j.JMeter: Version 5.6.3
2025-03-19 23:28:02,443 INFO o.a.j.JMeter: java.version=1.8.0_202
2025-03-19 23:28:02,443 INFO o.a.j.JMeter: java.vm.name=Java HotSpot(TM) 64-Bit Server VM
2025-03-19 23:28:02,443 INFO o.a.j.JMeter: os.name=Mac OS X
2025-03-19 23:28:02,443 INFO o.a.j.JMeter: os.arch=x86_64
2025-03-19 23:28:02,443 INFO o.a.j.JMeter: os.version=10.16
2025-03-19 23:28:02,443 INFO o.a.j.JMeter: file.encoding=UTF-8
2025-03-19 23:28:02,443 INFO o.a.j.JMeter: java.awt.headless=null
2025-03-19 23:28:02,443 INFO o.a.j.JMeter: Max memory     =1073741824
2025-03-19 23:28:02,443 INFO o.a.j.JMeter: Available Processors =12
2025-03-19 23:28:02,448 INFO o.a.j.JMeter: Default Locale=English (EN)
2025-03-19 23:28:02,448 INFO o.a.j.JMeter: JMeter  Locale=Chinese (China)
2025-03-19 23:28:02,448 INFO o.a.j.JMeter: JMeterHome=/usr/local/bin/apache-jmeter-5.6.3
2025-03-19 23:28:02,448 INFO o.a.j.JMeter: user.dir  =/Users/hk/Documents/my-docs
2025-03-19 23:28:02,448 INFO o.a.j.JMeter: PWD       =/Users/hk/Documents/my-docs
2025-03-19 23:28:02,451 INFO o.a.j.JMeter: IP: 192.168.5.57 Name: 192.168.5.57 FullName: 192.168.5.57
2025-03-19 23:28:02,466 INFO o.a.j.JMeter: Loaded icon properties from org/apache/jmeter/images/icon.properties
2025-03-19 23:28:02,926 INFO o.a.j.JMeterGuiLauncher: Setting LAF to: com.github.weisj.darklaf.DarkLaf:com.github.weisj.darklaf.theme.DarculaTheme
2025-03-19 23:30:28,759 INFO o.a.j.p.h.s.HTTPSamplerBase: Parser for text/html is org.apache.jmeter.protocol.http.parser.LagartoBasedHtmlParser
2025-03-19 23:30:28,760 INFO o.a.j.p.h.s.HTTPSamplerBase: Parser for application/xhtml+xml is org.apache.jmeter.protocol.http.parser.LagartoBasedHtmlParser
2025-03-19 23:30:28,760 INFO o.a.j.p.h.s.HTTPSamplerBase: Parser for application/xml is org.apache.jmeter.protocol.http.parser.LagartoBasedHtmlParser
2025-03-19 23:30:28,760 INFO o.a.j.p.h.s.HTTPSamplerBase: Parser for text/xml is org.apache.jmeter.protocol.http.parser.LagartoBasedHtmlParser
2025-03-19 23:30:28,760 INFO o.a.j.p.h.s.HTTPSamplerBase: Parser for text/vnd.wap.wml is org.apache.jmeter.protocol.http.parser.RegexpHTMLParser
2025-03-19 23:30:28,760 INFO o.a.j.p.h.s.HTTPSamplerBase: Parser for text/css is org.apache.jmeter.protocol.http.parser.CssParser
2025-03-19 23:30:34,078 INFO o.a.j.s.SampleResult: Note: Sample TimeStamps are START times
2025-03-19 23:30:34,078 INFO o.a.j.s.SampleResult: sampleresult.default.encoding is set to UTF-8
2025-03-19 23:30:34,078 INFO o.a.j.s.SampleResult: sampleresult.useNanoTime=true
2025-03-19 23:30:34,078 INFO o.a.j.s.SampleResult: sampleresult.nanoThreadSleep=5000
2025-03-19 23:33:08,425 INFO o.a.j.s.FileServer: Default base='/Users/hk/Documents/my-docs'
2025-03-19 23:33:08,426 INFO o.a.j.s.FileServer: Set new base='/Users/hk/Documents'
2025-03-19 23:33:08,533 INFO o.a.j.s.SaveService: Testplan (JMX) version: 2.2. Testlog (JTL) version: 2.2
2025-03-19 23:33:08,546 INFO o.a.j.s.SaveService: Using SaveService properties file encoding UTF-8
2025-03-19 23:33:08,547 INFO o.a.j.s.SaveService: Using SaveService properties version 5.0
2025-03-19 23:33:08,570 INFO o.a.j.e.StandardJMeterEngine: Running the test!
2025-03-19 23:33:08,571 INFO o.a.j.s.SampleEvent: List of sample_variables: []
2025-03-19 23:33:08,571 INFO o.a.j.s.SampleEvent: List of sample_variables: []
2025-03-19 23:33:08,572 INFO o.a.j.e.u.CompoundVariable: Note: Function class names must contain the string: '.functions.'
2025-03-19 23:33:08,572 INFO o.a.j.e.u.CompoundVariable: Note: Function class names must not contain the string: '.gui.'
2025-03-19 23:33:08,785 INFO o.a.j.g.u.JMeterMenuBar: setRunning(true, *local*)
2025-03-19 23:33:08,911 INFO o.a.j.e.StandardJMeterEngine: Starting ThreadGroup: 1 : 线程组
2025-03-19 23:33:08,911 INFO o.a.j.e.StandardJMeterEngine: Starting 1 threads for group 线程组.
2025-03-19 23:33:08,912 INFO o.a.j.e.StandardJMeterEngine: Thread will continue on error
2025-03-19 23:33:08,912 INFO o.a.j.t.ThreadGroup: Starting thread group... number=1 threads=1 ramp-up=1 delayedStart=false
2025-03-19 23:33:08,914 INFO o.a.j.t.ThreadGroup: Started thread group number 1
2025-03-19 23:33:08,914 INFO o.a.j.e.StandardJMeterEngine: All thread groups have been started
2025-03-19 23:33:08,915 INFO o.a.j.t.JMeterThread: Thread started: 线程组 1-1
2025-03-19 23:33:08,927 INFO o.a.j.p.h.s.HTTPHCAbstractImpl: Local host = 192.168.5.57
2025-03-19 23:33:08,933 INFO o.a.j.p.h.s.HTTPHC4Impl: HTTP request retry count = 0
2025-03-19 23:33:09,001 INFO o.a.j.t.JMeterThread: Thread is done: 线程组 1-1
2025-03-19 23:33:09,001 INFO o.a.j.t.JMeterThread: Thread finished: 线程组 1-1
2025-03-19 23:33:09,001 INFO o.a.j.e.StandardJMeterEngine: Notifying test listeners of end of test
2025-03-19 23:33:09,002 INFO o.a.j.g.u.JMeterMenuBar: setRunning(false, *local*)
2025-03-19 23:33:10,593 INFO o.a.j.e.StandardJMeterEngine: Running the test!
2025-03-19 23:33:10,593 INFO o.a.j.s.SampleEvent: List of sample_variables: []
2025-03-19 23:33:10,594 INFO o.a.j.g.u.JMeterMenuBar: setRunning(true, *local*)
2025-03-19 23:33:10,655 INFO o.a.j.e.StandardJMeterEngine: Starting ThreadGroup: 1 : 线程组
2025-03-19 23:33:10,655 INFO o.a.j.e.StandardJMeterEngine: Starting 1 threads for group 线程组.
2025-03-19 23:33:10,656 INFO o.a.j.e.StandardJMeterEngine: Thread will continue on error
2025-03-19 23:33:10,656 INFO o.a.j.t.ThreadGroup: Starting thread group... number=1 threads=1 ramp-up=1 delayedStart=false
2025-03-19 23:33:10,656 INFO o.a.j.t.ThreadGroup: Started thread group number 1
2025-03-19 23:33:10,656 INFO o.a.j.e.StandardJMeterEngine: All thread groups have been started
2025-03-19 23:33:10,657 INFO o.a.j.t.JMeterThread: Thread started: 线程组 1-1
2025-03-19 23:33:10,658 INFO o.a.j.t.JMeterThread: Thread is done: 线程组 1-1
2025-03-19 23:33:10,658 INFO o.a.j.t.JMeterThread: Thread finished: 线程组 1-1
2025-03-19 23:33:10,658 INFO o.a.j.e.StandardJMeterEngine: Notifying test listeners of end of test
2025-03-19 23:33:10,658 INFO o.a.j.g.u.JMeterMenuBar: setRunning(false, *local*)
2025-03-19 23:34:27,409 INFO o.a.j.e.StandardJMeterEngine: Running the test!
2025-03-19 23:34:27,409 INFO o.a.j.s.SampleEvent: List of sample_variables: []
2025-03-19 23:34:27,410 INFO o.a.j.g.u.JMeterMenuBar: setRunning(true, *local*)
2025-03-19 23:34:27,470 INFO o.a.j.e.StandardJMeterEngine: Starting ThreadGroup: 1 : 线程组
2025-03-19 23:34:27,471 INFO o.a.j.e.StandardJMeterEngine: Starting 1 threads for group 线程组.
2025-03-19 23:34:27,471 INFO o.a.j.e.StandardJMeterEngine: Thread will continue on error
2025-03-19 23:34:27,471 INFO o.a.j.t.ThreadGroup: Starting thread group... number=1 threads=1 ramp-up=1 delayedStart=false
2025-03-19 23:34:27,471 INFO o.a.j.t.ThreadGroup: Started thread group number 1
2025-03-19 23:34:27,471 INFO o.a.j.e.StandardJMeterEngine: All thread groups have been started
2025-03-19 23:34:27,471 INFO o.a.j.t.JMeterThread: Thread started: 线程组 1-1
2025-03-19 23:34:27,472 INFO o.a.j.t.JMeterThread: Thread is done: 线程组 1-1
2025-03-19 23:34:27,472 INFO o.a.j.t.JMeterThread: Thread finished: 线程组 1-1
2025-03-19 23:34:27,472 INFO o.a.j.e.StandardJMeterEngine: Notifying test listeners of end of test
2025-03-19 23:34:27,472 INFO o.a.j.g.u.JMeterMenuBar: setRunning(false, *local*)
2025-03-19 23:34:28,189 INFO o.a.j.e.StandardJMeterEngine: Running the test!
2025-03-19 23:34:28,190 INFO o.a.j.s.SampleEvent: List of sample_variables: []
2025-03-19 23:34:28,190 INFO o.a.j.g.u.JMeterMenuBar: setRunning(true, *local*)
2025-03-19 23:34:28,242 INFO o.a.j.e.StandardJMeterEngine: Starting ThreadGroup: 1 : 线程组
2025-03-19 23:34:28,242 INFO o.a.j.e.StandardJMeterEngine: Starting 1 threads for group 线程组.
2025-03-19 23:34:28,242 INFO o.a.j.e.StandardJMeterEngine: Thread will continue on error
2025-03-19 23:34:28,242 INFO o.a.j.t.ThreadGroup: Starting thread group... number=1 threads=1 ramp-up=1 delayedStart=false
2025-03-19 23:34:28,242 INFO o.a.j.t.ThreadGroup: Started thread group number 1
2025-03-19 23:34:28,242 INFO o.a.j.e.StandardJMeterEngine: All thread groups have been started
2025-03-19 23:34:28,243 INFO o.a.j.t.JMeterThread: Thread started: 线程组 1-1
2025-03-19 23:34:28,244 INFO o.a.j.t.JMeterThread: Thread is done: 线程组 1-1
2025-03-19 23:34:28,244 INFO o.a.j.t.JMeterThread: Thread finished: 线程组 1-1
2025-03-19 23:34:28,244 INFO o.a.j.e.StandardJMeterEngine: Notifying test listeners of end of test
2025-03-19 23:34:28,244 INFO o.a.j.g.u.JMeterMenuBar: setRunning(false, *local*)
2025-03-19 23:34:39,353 INFO o.a.j.e.StandardJMeterEngine: Running the test!
2025-03-19 23:34:39,353 INFO o.a.j.s.SampleEvent: List of sample_variables: []
2025-03-19 23:34:39,354 INFO o.a.j.g.u.JMeterMenuBar: setRunning(true, *local*)
2025-03-19 23:34:39,416 INFO o.a.j.e.StandardJMeterEngine: Starting ThreadGroup: 1 : 线程组
2025-03-19 23:34:39,416 INFO o.a.j.e.StandardJMeterEngine: Starting 1 threads for group 线程组.
2025-03-19 23:34:39,416 INFO o.a.j.e.StandardJMeterEngine: Thread will continue on error
2025-03-19 23:34:39,416 INFO o.a.j.t.ThreadGroup: Starting thread group... number=1 threads=1 ramp-up=1 delayedStart=false
2025-03-19 23:34:39,417 INFO o.a.j.t.ThreadGroup: Started thread group number 1
2025-03-19 23:34:39,417 INFO o.a.j.e.StandardJMeterEngine: All thread groups have been started
2025-03-19 23:34:39,417 INFO o.a.j.t.JMeterThread: Thread started: 线程组 1-1
2025-03-19 23:34:39,418 INFO o.a.j.t.JMeterThread: Thread is done: 线程组 1-1
2025-03-19 23:34:39,418 INFO o.a.j.t.JMeterThread: Thread finished: 线程组 1-1
2025-03-19 23:34:39,418 INFO o.a.j.e.StandardJMeterEngine: Notifying test listeners of end of test
2025-03-19 23:34:39,419 INFO o.a.j.g.u.JMeterMenuBar: setRunning(false, *local*)
2025-03-19 23:34:45,984 INFO o.a.j.e.StandardJMeterEngine: Running the test!
2025-03-19 23:34:45,984 INFO o.a.j.s.SampleEvent: List of sample_variables: []
2025-03-19 23:34:45,985 INFO o.a.j.g.u.JMeterMenuBar: setRunning(true, *local*)
2025-03-19 23:34:46,047 INFO o.a.j.e.StandardJMeterEngine: Starting ThreadGroup: 1 : 线程组
2025-03-19 23:34:46,047 INFO o.a.j.e.StandardJMeterEngine: Starting 1 threads for group 线程组.
2025-03-19 23:34:46,047 INFO o.a.j.e.StandardJMeterEngine: Thread will continue on error
2025-03-19 23:34:46,047 INFO o.a.j.t.ThreadGroup: Starting thread group... number=1 threads=1 ramp-up=1 delayedStart=false
2025-03-19 23:34:46,047 INFO o.a.j.t.ThreadGroup: Started thread group number 1
2025-03-19 23:34:46,047 INFO o.a.j.e.StandardJMeterEngine: All thread groups have been started
2025-03-19 23:34:46,048 INFO o.a.j.t.JMeterThread: Thread started: 线程组 1-1
2025-03-19 23:34:46,049 INFO o.a.j.t.JMeterThread: Thread is done: 线程组 1-1
2025-03-19 23:34:46,049 INFO o.a.j.t.JMeterThread: Thread finished: 线程组 1-1
2025-03-19 23:34:46,049 INFO o.a.j.e.StandardJMeterEngine: Notifying test listeners of end of test
2025-03-19 23:34:46,049 INFO o.a.j.g.u.JMeterMenuBar: setRunning(false, *local*)
2025-03-19 23:34:51,753 INFO o.a.j.e.StandardJMeterEngine: Running the test!
2025-03-19 23:34:51,753 INFO o.a.j.s.SampleEvent: List of sample_variables: []
2025-03-19 23:34:51,753 INFO o.a.j.g.u.JMeterMenuBar: setRunning(true, *local*)
2025-03-19 23:34:51,812 INFO o.a.j.e.StandardJMeterEngine: Starting ThreadGroup: 1 : 线程组
2025-03-19 23:34:51,812 INFO o.a.j.e.StandardJMeterEngine: Starting 1 threads for group 线程组.
2025-03-19 23:34:51,812 INFO o.a.j.e.StandardJMeterEngine: Thread will continue on error
2025-03-19 23:34:51,813 INFO o.a.j.t.ThreadGroup: Starting thread group... number=1 threads=1 ramp-up=1 delayedStart=false
2025-03-19 23:34:51,813 INFO o.a.j.t.ThreadGroup: Started thread group number 1
2025-03-19 23:34:51,813 INFO o.a.j.e.StandardJMeterEngine: All thread groups have been started
2025-03-19 23:34:51,813 INFO o.a.j.t.JMeterThread: Thread started: 线程组 1-1
2025-03-19 23:34:51,814 INFO o.a.j.t.JMeterThread: Thread is done: 线程组 1-1
2025-03-19 23:34:51,814 INFO o.a.j.t.JMeterThread: Thread finished: 线程组 1-1
2025-03-19 23:34:51,814 INFO o.a.j.e.StandardJMeterEngine: Notifying test listeners of end of test
2025-03-19 23:34:51,814 INFO o.a.j.g.u.JMeterMenuBar: setRunning(false, *local*)
2025-03-19 23:36:02,768 INFO o.a.j.e.StandardJMeterEngine: Running the test!
2025-03-19 23:36:02,768 INFO o.a.j.s.SampleEvent: List of sample_variables: []
2025-03-19 23:36:02,768 INFO o.a.j.g.u.JMeterMenuBar: setRunning(true, *local*)
2025-03-19 23:36:02,840 INFO o.a.j.e.StandardJMeterEngine: Starting ThreadGroup: 1 : 线程组
2025-03-19 23:36:02,840 INFO o.a.j.e.StandardJMeterEngine: Starting 1 threads for group 线程组.
2025-03-19 23:36:02,840 INFO o.a.j.e.StandardJMeterEngine: Thread will continue on error
2025-03-19 23:36:02,840 INFO o.a.j.t.ThreadGroup: Starting thread group... number=1 threads=1 ramp-up=1 delayedStart=false
2025-03-19 23:36:02,841 INFO o.a.j.t.ThreadGroup: Started thread group number 1
2025-03-19 23:36:02,841 INFO o.a.j.e.StandardJMeterEngine: All thread groups have been started
2025-03-19 23:36:02,841 INFO o.a.j.t.JMeterThread: Thread started: 线程组 1-1
2025-03-19 23:36:02,871 INFO o.a.j.p.h.s.h.LazyLayeredConnectionSocketFactory: Setting up HTTPS TrustAll Socket Factory
2025-03-19 23:36:02,874 INFO o.a.j.u.JsseSSLManager: Using default SSL protocol: TLS
2025-03-19 23:36:02,874 INFO o.a.j.u.JsseSSLManager: SSL session context: per-thread
2025-03-19 23:36:03,001 INFO o.a.j.u.SSLManager: JmeterKeyStore Location:  type JKS
2025-03-19 23:36:03,002 INFO o.a.j.u.SSLManager: KeyStore created OK
2025-03-19 23:36:03,002 WARN o.a.j.u.SSLManager: Keystore file not found, loading empty keystore
2025-03-19 23:36:03,353 INFO o.a.j.t.JMeterThread: Thread is done: 线程组 1-1
2025-03-19 23:36:03,353 INFO o.a.j.t.JMeterThread: Thread finished: 线程组 1-1
2025-03-19 23:36:03,354 INFO o.a.j.e.StandardJMeterEngine: Notifying test listeners of end of test
2025-03-19 23:36:03,354 INFO o.a.j.g.u.JMeterMenuBar: setRunning(false, *local*)
2025-03-19 23:36:53,091 INFO o.a.j.e.StandardJMeterEngine: Running the test!
2025-03-19 23:36:53,091 INFO o.a.j.s.SampleEvent: List of sample_variables: []
2025-03-19 23:36:53,091 INFO o.a.j.g.u.JMeterMenuBar: setRunning(true, *local*)
2025-03-19 23:36:53,180 INFO o.a.j.e.StandardJMeterEngine: Starting ThreadGroup: 1 : 线程组
2025-03-19 23:36:53,180 INFO o.a.j.e.StandardJMeterEngine: Starting 1 threads for group 线程组.
2025-03-19 23:36:53,180 INFO o.a.j.e.StandardJMeterEngine: Thread will continue on error
2025-03-19 23:36:53,180 INFO o.a.j.t.ThreadGroup: Starting thread group... number=1 threads=1 ramp-up=1 delayedStart=false
2025-03-19 23:36:53,181 INFO o.a.j.t.ThreadGroup: Started thread group number 1
2025-03-19 23:36:53,181 INFO o.a.j.e.StandardJMeterEngine: All thread groups have been started
2025-03-19 23:36:53,181 INFO o.a.j.t.JMeterThread: Thread started: 线程组 1-1
2025-03-19 23:36:53,573 INFO o.a.j.t.JMeterThread: Thread is done: 线程组 1-1
2025-03-19 23:36:53,573 INFO o.a.j.t.JMeterThread: Thread finished: 线程组 1-1
2025-03-19 23:36:53,574 INFO o.a.j.e.StandardJMeterEngine: Notifying test listeners of end of test
2025-03-19 23:36:53,574 INFO o.a.j.g.u.JMeterMenuBar: setRunning(false, *local*)
2025-03-19 23:42:19,705 INFO o.a.j.g.a.t.TemplateManager: Reading templates from: /usr/local/bin/apache-jmeter-5.6.3/bin/templates/templates.xml
2025-03-19 23:46:26,235 INFO o.a.j.e.StandardJMeterEngine: Running the test!
2025-03-19 23:46:26,236 INFO o.a.j.s.SampleEvent: List of sample_variables: []
2025-03-19 23:46:26,236 INFO o.a.j.g.u.JMeterMenuBar: setRunning(true, *local*)
2025-03-19 23:46:26,337 INFO o.a.j.e.StandardJMeterEngine: Starting ThreadGroup: 1 : 线程组
2025-03-19 23:46:26,338 INFO o.a.j.e.StandardJMeterEngine: Starting 10 threads for group 线程组.
2025-03-19 23:46:26,338 INFO o.a.j.e.StandardJMeterEngine: Thread will continue on error
2025-03-19 23:46:26,338 INFO o.a.j.t.ThreadGroup: Starting thread group... number=1 threads=10 ramp-up=1 delayedStart=false
2025-03-19 23:46:26,338 INFO o.a.j.t.JMeterThread: Thread started: 线程组 1-1
2025-03-19 23:46:26,340 INFO o.a.j.t.ThreadGroup: Started thread group number 1
2025-03-19 23:46:26,340 INFO o.a.j.e.StandardJMeterEngine: All thread groups have been started
2025-03-19 23:46:26,441 INFO o.a.j.t.JMeterThread: Thread started: 线程组 1-2
2025-03-19 23:46:26,542 INFO o.a.j.t.JMeterThread: Thread started: 线程组 1-3
2025-03-19 23:46:26,638 INFO o.a.j.t.JMeterThread: Thread started: 线程组 1-4
2025-03-19 23:46:26,734 INFO o.a.j.t.JMeterThread: Thread is done: 线程组 1-1
2025-03-19 23:46:26,734 INFO o.a.j.t.JMeterThread: Thread finished: 线程组 1-1
2025-03-19 23:46:26,743 INFO o.a.j.t.JMeterThread: Thread started: 线程组 1-5
2025-03-19 23:46:26,839 INFO o.a.j.t.JMeterThread: Thread started: 线程组 1-6
2025-03-19 23:46:26,847 INFO o.a.j.t.JMeterThread: Thread is done: 线程组 1-2
2025-03-19 23:46:26,847 INFO o.a.j.t.JMeterThread: Thread finished: 线程组 1-2
2025-03-19 23:46:26,939 INFO o.a.j.t.JMeterThread: Thread started: 线程组 1-7
2025-03-19 23:46:26,997 INFO o.a.j.t.JMeterThread: Thread is done: 线程组 1-3
2025-03-19 23:46:26,997 INFO o.a.j.t.JMeterThread: Thread finished: 线程组 1-3
2025-03-19 23:46:27,004 INFO o.a.j.t.JMeterThread: Thread is done: 线程组 1-4
2025-03-19 23:46:27,004 INFO o.a.j.t.JMeterThread: Thread finished: 线程组 1-4
2025-03-19 23:46:27,042 INFO o.a.j.t.JMeterThread: Thread started: 线程组 1-8
2025-03-19 23:46:27,107 INFO o.a.j.t.JMeterThread: Thread is done: 线程组 1-5
2025-03-19 23:46:27,107 INFO o.a.j.t.JMeterThread: Thread finished: 线程组 1-5
2025-03-19 23:46:27,140 INFO o.a.j.t.JMeterThread: Thread started: 线程组 1-9
2025-03-19 23:46:27,230 INFO o.a.j.t.JMeterThread: Thread is done: 线程组 1-6
2025-03-19 23:46:27,230 INFO o.a.j.t.JMeterThread: Thread finished: 线程组 1-6
2025-03-19 23:46:27,242 INFO o.a.j.t.JMeterThread: Thread started: 线程组 1-10
2025-03-19 23:46:27,259 INFO o.a.j.t.JMeterThread: Thread is done: 线程组 1-7
2025-03-19 23:46:27,259 INFO o.a.j.t.JMeterThread: Thread finished: 线程组 1-7
2025-03-19 23:46:27,378 INFO o.a.j.t.JMeterThread: Thread is done: 线程组 1-8
2025-03-19 23:46:27,378 INFO o.a.j.t.JMeterThread: Thread finished: 线程组 1-8
2025-03-19 23:46:27,486 INFO o.a.j.t.JMeterThread: Thread is done: 线程组 1-9
2025-03-19 23:46:27,486 INFO o.a.j.t.JMeterThread: Thread finished: 线程组 1-9
2025-03-19 23:46:27,629 INFO o.a.j.t.JMeterThread: Thread is done: 线程组 1-10
2025-03-19 23:46:27,630 INFO o.a.j.t.JMeterThread: Thread finished: 线程组 1-10
2025-03-19 23:46:27,630 INFO o.a.j.e.StandardJMeterEngine: Notifying test listeners of end of test
2025-03-19 23:46:27,630 INFO o.a.j.g.u.JMeterMenuBar: setRunning(false, *local*)
2025-03-20 00:16:20,691 INFO o.a.j.e.StandardJMeterEngine: Running the test!
2025-03-20 00:16:20,691 INFO o.a.j.s.SampleEvent: List of sample_variables: []
2025-03-20 00:16:20,691 INFO o.a.j.g.u.JMeterMenuBar: setRunning(true, *local*)
2025-03-20 00:16:20,789 INFO o.a.j.e.StandardJMeterEngine: Starting ThreadGroup: 1 : 线程组
2025-03-20 00:16:20,789 INFO o.a.j.e.StandardJMeterEngine: Starting 100 threads for group 线程组.
2025-03-20 00:16:20,789 INFO o.a.j.e.StandardJMeterEngine: Thread will continue on error
2025-03-20 00:16:20,789 INFO o.a.j.t.ThreadGroup: Starting thread group... number=1 threads=100 ramp-up=1 delayedStart=false
2025-03-20 00:16:20,789 INFO o.a.j.t.JMeterThread: Thread started: 线程组 1-1
2025-03-20 00:16:20,800 INFO o.a.j.t.JMeterThread: Thread started: 线程组 1-2
2025-03-20 00:16:20,804 INFO o.a.j.t.ThreadGroup: Started thread group number 1
2025-03-20 00:16:20,804 INFO o.a.j.e.StandardJMeterEngine: All thread groups have been started
2025-03-20 00:16:20,812 INFO o.a.j.t.JMeterThread: Thread started: 线程组 1-3
2025-03-20 00:16:20,822 INFO o.a.j.t.JMeterThread: Thread started: 线程组 1-4
2025-03-20 00:16:20,830 INFO o.a.j.t.JMeterThread: Thread started: 线程组 1-5
2025-03-20 00:16:20,841 INFO o.a.j.t.JMeterThread: Thread started: 线程组 1-6
2025-03-20 00:16:20,853 INFO o.a.j.t.JMeterThread: Thread started: 线程组 1-7
2025-03-20 00:16:20,864 INFO o.a.j.t.JMeterThread: Thread started: 线程组 1-8
2025-03-20 00:16:20,873 INFO o.a.j.t.JMeterThread: Thread started: 线程组 1-9
2025-03-20 00:16:20,883 INFO o.a.j.t.JMeterThread: Thread started: 线程组 1-10
2025-03-20 00:16:20,892 INFO o.a.j.t.JMeterThread: Thread started: 线程组 1-11
2025-03-20 00:16:20,899 INFO o.a.j.t.JMeterThread: Thread started: 线程组 1-12
2025-03-20 00:16:20,912 INFO o.a.j.t.JMeterThread: Thread started: 线程组 1-13
2025-03-20 00:16:20,923 INFO o.a.j.t.JMeterThread: Thread started: 线程组 1-14
2025-03-20 00:16:20,934 INFO o.a.j.t.JMeterThread: Thread started: 线程组 1-15
2025-03-20 00:16:20,943 INFO o.a.j.t.JMeterThread: Thread started: 线程组 1-16
2025-03-20 00:16:20,949 INFO o.a.j.t.JMeterThread: Thread started: 线程组 1-17
2025-03-20 00:16:20,962 INFO o.a.j.t.JMeterThread: Thread started: 线程组 1-18
2025-03-20 00:16:20,973 INFO o.a.j.t.JMeterThread: Thread started: 线程组 1-19
2025-03-20 00:16:20,984 INFO o.a.j.t.JMeterThread: Thread started: 线程组 1-20
2025-03-20 00:16:20,990 INFO o.a.j.t.JMeterThread: Thread started: 线程组 1-21
2025-03-20 00:16:21,003 INFO o.a.j.t.JMeterThread: Thread started: 线程组 1-22
2025-03-20 00:16:21,012 INFO o.a.j.t.JMeterThread: Thread started: 线程组 1-23
2025-03-20 00:16:21,022 INFO o.a.j.t.JMeterThread: Thread started: 线程组 1-24
2025-03-20 00:16:21,030 INFO o.a.j.t.JMeterThread: Thread started: 线程组 1-25
2025-03-20 00:16:21,043 INFO o.a.j.t.JMeterThread: Thread started: 线程组 1-26
2025-03-20 00:16:21,054 INFO o.a.j.t.JMeterThread: Thread started: 线程组 1-27
2025-03-20 00:16:21,060 INFO o.a.j.t.JMeterThread: Thread started: 线程组 1-28
2025-03-20 00:16:21,070 INFO o.a.j.t.JMeterThread: Thread started: 线程组 1-29
2025-03-20 00:16:21,080 INFO o.a.j.t.JMeterThread: Thread started: 线程组 1-30
2025-03-20 00:16:21,091 INFO o.a.j.t.JMeterThread: Thread started: 线程组 1-31
2025-03-20 00:16:21,103 INFO o.a.j.t.JMeterThread: Thread started: 线程组 1-32
2025-03-20 00:16:21,112 INFO o.a.j.t.JMeterThread: Thread started: 线程组 1-33
2025-03-20 00:16:21,123 INFO o.a.j.t.JMeterThread: Thread started: 线程组 1-34
2025-03-20 00:16:21,129 INFO o.a.j.t.JMeterThread: Thread started: 线程组 1-35
2025-03-20 00:16:21,142 INFO o.a.j.t.JMeterThread: Thread started: 线程组 1-36
2025-03-20 00:16:21,149 INFO o.a.j.t.JMeterThread: Thread started: 线程组 1-37
2025-03-20 00:16:21,160 INFO o.a.j.t.JMeterThread: Thread started: 线程组 1-38
2025-03-20 00:16:21,161 INFO o.a.j.t.JMeterThread: Thread is done: 线程组 1-5
2025-03-20 00:16:21,161 INFO o.a.j.t.JMeterThread: Thread finished: 线程组 1-5
2025-03-20 00:16:21,171 INFO o.a.j.t.JMeterThread: Thread started: 线程组 1-39
2025-03-20 00:16:21,177 INFO o.a.j.t.JMeterThread: Thread is done: 线程组 1-3
2025-03-20 00:16:21,177 INFO o.a.j.t.JMeterThread: Thread finished: 线程组 1-3
2025-03-20 00:16:21,183 INFO o.a.j.t.JMeterThread: Thread started: 线程组 1-40
2025-03-20 00:16:21,185 INFO o.a.j.t.JMeterThread: Thread is done: 线程组 1-4
2025-03-20 00:16:21,185 INFO o.a.j.t.JMeterThread: Thread finished: 线程组 1-4
2025-03-20 00:16:21,186 INFO o.a.j.t.JMeterThread: Thread is done: 线程组 1-2
2025-03-20 00:16:21,186 INFO o.a.j.t.JMeterThread: Thread finished: 线程组 1-2
2025-03-20 00:16:21,189 INFO o.a.j.t.JMeterThread: Thread started: 线程组 1-41
2025-03-20 00:16:21,199 INFO o.a.j.t.JMeterThread: Thread started: 线程组 1-42
2025-03-20 00:16:21,207 INFO o.a.j.t.JMeterThread: Thread is done: 线程组 1-7
2025-03-20 00:16:21,207 INFO o.a.j.t.JMeterThread: Thread finished: 线程组 1-7
2025-03-20 00:16:21,209 INFO o.a.j.t.JMeterThread: Thread started: 线程组 1-43
2025-03-20 00:16:21,220 INFO o.a.j.t.JMeterThread: Thread started: 线程组 1-44
2025-03-20 00:16:21,226 INFO o.a.j.t.JMeterThread: Thread is done: 线程组 1-11
2025-03-20 00:16:21,226 INFO o.a.j.t.JMeterThread: Thread finished: 线程组 1-11
2025-03-20 00:16:21,231 INFO o.a.j.t.JMeterThread: Thread is done: 线程组 1-6
2025-03-20 00:16:21,231 INFO o.a.j.t.JMeterThread: Thread finished: 线程组 1-6
2025-03-20 00:16:21,231 INFO o.a.j.t.JMeterThread: Thread is done: 线程组 1-9
2025-03-20 00:16:21,232 INFO o.a.j.t.JMeterThread: Thread finished: 线程组 1-9
2025-03-20 00:16:21,232 INFO o.a.j.t.JMeterThread: Thread started: 线程组 1-45
2025-03-20 00:16:21,237 INFO o.a.j.t.JMeterThread: Thread is done: 线程组 1-8
2025-03-20 00:16:21,237 INFO o.a.j.t.JMeterThread: Thread finished: 线程组 1-8
2025-03-20 00:16:21,239 INFO o.a.j.t.JMeterThread: Thread started: 线程组 1-46
2025-03-20 00:16:21,253 INFO o.a.j.t.JMeterThread: Thread started: 线程组 1-47
2025-03-20 00:16:21,256 INFO o.a.j.t.JMeterThread: Thread is done: 线程组 1-10
2025-03-20 00:16:21,256 INFO o.a.j.t.JMeterThread: Thread finished: 线程组 1-10
2025-03-20 00:16:21,262 INFO o.a.j.t.JMeterThread: Thread started: 线程组 1-48
2025-03-20 00:16:21,272 INFO o.a.j.t.JMeterThread: Thread started: 线程组 1-49
2025-03-20 00:16:21,278 INFO o.a.j.t.JMeterThread: Thread is done: 线程组 1-13
2025-03-20 00:16:21,278 INFO o.a.j.t.JMeterThread: Thread finished: 线程组 1-13
2025-03-20 00:16:21,279 INFO o.a.j.t.JMeterThread: Thread started: 线程组 1-50
2025-03-20 00:16:21,289 INFO o.a.j.t.JMeterThread: Thread started: 线程组 1-51
2025-03-20 00:16:21,293 INFO o.a.j.t.JMeterThread: Thread is done: 线程组 1-12
2025-03-20 00:16:21,293 INFO o.a.j.t.JMeterThread: Thread finished: 线程组 1-12
2025-03-20 00:16:21,297 INFO o.a.j.t.JMeterThread: Thread is done: 线程组 1-15
2025-03-20 00:16:21,297 INFO o.a.j.t.JMeterThread: Thread finished: 线程组 1-15
2025-03-20 00:16:21,303 INFO o.a.j.t.JMeterThread: Thread started: 线程组 1-52
2025-03-20 00:16:21,312 INFO o.a.j.t.JMeterThread: Thread started: 线程组 1-53
2025-03-20 00:16:21,319 INFO o.a.j.t.JMeterThread: Thread started: 线程组 1-54
2025-03-20 00:16:21,325 INFO o.a.j.t.JMeterThread: Thread is done: 线程组 1-14
2025-03-20 00:16:21,326 INFO o.a.j.t.JMeterThread: Thread finished: 线程组 1-14
2025-03-20 00:16:21,328 INFO o.a.j.t.JMeterThread: Thread is done: 线程组 1-19
2025-03-20 00:16:21,328 INFO o.a.j.t.JMeterThread: Thread finished: 线程组 1-19
2025-03-20 00:16:21,328 INFO o.a.j.t.JMeterThread: Thread is done: 线程组 1-21
2025-03-20 00:16:21,328 INFO o.a.j.t.JMeterThread: Thread is done: 线程组 1-18
2025-03-20 00:16:21,328 INFO o.a.j.t.JMeterThread: Thread finished: 线程组 1-21
2025-03-20 00:16:21,328 INFO o.a.j.t.JMeterThread: Thread finished: 线程组 1-18
2025-03-20 00:16:21,329 INFO o.a.j.t.JMeterThread: Thread is done: 线程组 1-16
2025-03-20 00:16:21,329 INFO o.a.j.t.JMeterThread: Thread finished: 线程组 1-16
2025-03-20 00:16:21,332 INFO o.a.j.t.JMeterThread: Thread is done: 线程组 1-17
2025-03-20 00:16:21,332 INFO o.a.j.t.JMeterThread: Thread finished: 线程组 1-17
2025-03-20 00:16:21,332 INFO o.a.j.t.JMeterThread: Thread started: 线程组 1-55
2025-03-20 00:16:21,337 INFO o.a.j.t.JMeterThread: Thread is done: 线程组 1-20
2025-03-20 00:16:21,337 INFO o.a.j.t.JMeterThread: Thread finished: 线程组 1-20
2025-03-20 00:16:21,339 INFO o.a.j.t.JMeterThread: Thread started: 线程组 1-56
2025-03-20 00:16:21,349 INFO o.a.j.t.JMeterThread: Thread started: 线程组 1-57
2025-03-20 00:16:21,359 INFO o.a.j.t.JMeterThread: Thread started: 线程组 1-58
2025-03-20 00:16:21,369 INFO o.a.j.t.JMeterThread: Thread is done: 线程组 1-22
2025-03-20 00:16:21,369 INFO o.a.j.t.JMeterThread: Thread finished: 线程组 1-22
2025-03-20 00:16:21,371 INFO o.a.j.t.JMeterThread: Thread started: 线程组 1-59
2025-03-20 00:16:21,380 INFO o.a.j.t.JMeterThread: Thread started: 线程组 1-60
2025-03-20 00:16:21,381 INFO o.a.j.t.JMeterThread: Thread is done: 线程组 1-25
2025-03-20 00:16:21,381 INFO o.a.j.t.JMeterThread: Thread is done: 线程组 1-24
2025-03-20 00:16:21,381 INFO o.a.j.t.JMeterThread: Thread finished: 线程组 1-25
2025-03-20 00:16:21,381 INFO o.a.j.t.JMeterThread: Thread finished: 线程组 1-24
2025-03-20 00:16:21,391 INFO o.a.j.t.JMeterThread: Thread started: 线程组 1-61
2025-03-20 00:16:21,399 INFO o.a.j.t.JMeterThread: Thread started: 线程组 1-62
2025-03-20 00:16:21,409 INFO o.a.j.t.JMeterThread: Thread started: 线程组 1-63
2025-03-20 00:16:21,419 INFO o.a.j.t.JMeterThread: Thread started: 线程组 1-64
2025-03-20 00:16:21,423 INFO o.a.j.t.JMeterThread: Thread is done: 线程组 1-28
2025-03-20 00:16:21,423 INFO o.a.j.t.JMeterThread: Thread finished: 线程组 1-28
2025-03-20 00:16:21,428 INFO o.a.j.t.JMeterThread: Thread is done: 线程组 1-27
2025-03-20 00:16:21,428 INFO o.a.j.t.JMeterThread: Thread finished: 线程组 1-27
2025-03-20 00:16:21,431 INFO o.a.j.t.JMeterThread: Thread started: 线程组 1-65
2025-03-20 00:16:21,440 INFO o.a.j.t.JMeterThread: Thread started: 线程组 1-66
2025-03-20 00:16:21,450 INFO o.a.j.t.JMeterThread: Thread started: 线程组 1-67
2025-03-20 00:16:21,460 INFO o.a.j.t.JMeterThread: Thread started: 线程组 1-68
2025-03-20 00:16:21,461 INFO o.a.j.t.JMeterThread: Thread is done: 线程组 1-33
2025-03-20 00:16:21,461 INFO o.a.j.t.JMeterThread: Thread is done: 线程组 1-23
2025-03-20 00:16:21,461 INFO o.a.j.t.JMeterThread: Thread finished: 线程组 1-33
2025-03-20 00:16:21,461 INFO o.a.j.t.JMeterThread: Thread finished: 线程组 1-23
2025-03-20 00:16:21,469 INFO o.a.j.t.JMeterThread: Thread started: 线程组 1-69
2025-03-20 00:16:21,472 INFO o.a.j.t.JMeterThread: Thread is done: 线程组 1-31
2025-03-20 00:16:21,472 INFO o.a.j.t.JMeterThread: Thread finished: 线程组 1-31
2025-03-20 00:16:21,474 INFO o.a.j.t.JMeterThread: Thread is done: 线程组 1-30
2025-03-20 00:16:21,474 INFO o.a.j.t.JMeterThread: Thread finished: 线程组 1-30
2025-03-20 00:16:21,479 INFO o.a.j.t.JMeterThread: Thread started: 线程组 1-70
2025-03-20 00:16:21,492 INFO o.a.j.t.JMeterThread: Thread started: 线程组 1-71
2025-03-20 00:16:21,494 INFO o.a.j.t.JMeterThread: Thread is done: 线程组 1-32
2025-03-20 00:16:21,494 INFO o.a.j.t.JMeterThread: Thread finished: 线程组 1-32
2025-03-20 00:16:21,499 INFO o.a.j.t.JMeterThread: Thread started: 线程组 1-72
2025-03-20 00:16:21,509 INFO o.a.j.t.JMeterThread: Thread started: 线程组 1-73
2025-03-20 00:16:21,521 INFO o.a.j.t.JMeterThread: Thread is done: 线程组 1-34
2025-03-20 00:16:21,521 INFO o.a.j.t.JMeterThread: Thread finished: 线程组 1-34
2025-03-20 00:16:21,523 INFO o.a.j.t.JMeterThread: Thread started: 线程组 1-74
2025-03-20 00:16:21,525 INFO o.a.j.t.JMeterThread: Thread is done: 线程组 1-37
2025-03-20 00:16:21,525 INFO o.a.j.t.JMeterThread: Thread finished: 线程组 1-37
2025-03-20 00:16:21,527 INFO o.a.j.t.JMeterThread: Thread is done: 线程组 1-36
2025-03-20 00:16:21,527 INFO o.a.j.t.JMeterThread: Thread finished: 线程组 1-36
2025-03-20 00:16:21,534 INFO o.a.j.t.JMeterThread: Thread started: 线程组 1-75
2025-03-20 00:16:21,539 INFO o.a.j.t.JMeterThread: Thread is done: 线程组 1-38
2025-03-20 00:16:21,539 INFO o.a.j.t.JMeterThread: Thread finished: 线程组 1-38
2025-03-20 00:16:21,545 INFO o.a.j.t.JMeterThread: Thread started: 线程组 1-76
2025-03-20 00:16:21,551 INFO o.a.j.t.JMeterThread: Thread is done: 线程组 1-41
2025-03-20 00:16:21,551 INFO o.a.j.t.JMeterThread: Thread finished: 线程组 1-41
2025-03-20 00:16:21,553 INFO o.a.j.t.JMeterThread: Thread is done: 线程组 1-40
2025-03-20 00:16:21,553 INFO o.a.j.t.JMeterThread: Thread finished: 线程组 1-40
2025-03-20 00:16:21,553 INFO o.a.j.t.JMeterThread: Thread started: 线程组 1-77
2025-03-20 00:16:21,563 INFO o.a.j.t.JMeterThread: Thread started: 线程组 1-78
2025-03-20 00:16:21,572 INFO o.a.j.t.JMeterThread: Thread started: 线程组 1-79
2025-03-20 00:16:21,577 INFO o.a.j.t.JMeterThread: Thread is done: 线程组 1-39
2025-03-20 00:16:21,577 INFO o.a.j.t.JMeterThread: Thread finished: 线程组 1-39
2025-03-20 00:16:21,580 INFO o.a.j.t.JMeterThread: Thread is done: 线程组 1-43
2025-03-20 00:16:21,580 INFO o.a.j.t.JMeterThread: Thread finished: 线程组 1-43
2025-03-20 00:16:21,582 INFO o.a.j.t.JMeterThread: Thread started: 线程组 1-80
2025-03-20 00:16:21,589 INFO o.a.j.t.JMeterThread: Thread started: 线程组 1-81
2025-03-20 00:16:21,597 INFO o.a.j.t.JMeterThread: Thread is done: 线程组 1-45
2025-03-20 00:16:21,598 INFO o.a.j.t.JMeterThread: Thread finished: 线程组 1-45
2025-03-20 00:16:21,603 INFO o.a.j.t.JMeterThread: Thread started: 线程组 1-82
2025-03-20 00:16:21,608 INFO o.a.j.t.JMeterThread: Thread is done: 线程组 1-46
2025-03-20 00:16:21,609 INFO o.a.j.t.JMeterThread: Thread finished: 线程组 1-46
2025-03-20 00:16:21,610 INFO o.a.j.t.JMeterThread: Thread is done: 线程组 1-44
2025-03-20 00:16:21,610 INFO o.a.j.t.JMeterThread: Thread finished: 线程组 1-44
2025-03-20 00:16:21,613 INFO o.a.j.t.JMeterThread: Thread started: 线程组 1-83
2025-03-20 00:16:21,622 INFO o.a.j.t.JMeterThread: Thread started: 线程组 1-84
2025-03-20 00:16:21,630 INFO o.a.j.t.JMeterThread: Thread started: 线程组 1-85
2025-03-20 00:16:21,641 INFO o.a.j.t.JMeterThread: Thread started: 线程组 1-86
2025-03-20 00:16:21,649 INFO o.a.j.t.JMeterThread: Thread is done: 线程组 1-50
2025-03-20 00:16:21,649 INFO o.a.j.t.JMeterThread: Thread finished: 线程组 1-50
2025-03-20 00:16:21,653 INFO o.a.j.t.JMeterThread: Thread started: 线程组 1-87
2025-03-20 00:16:21,662 INFO o.a.j.t.JMeterThread: Thread started: 线程组 1-88
2025-03-20 00:16:21,673 INFO o.a.j.t.JMeterThread: Thread started: 线程组 1-89
2025-03-20 00:16:21,683 INFO o.a.j.t.JMeterThread: Thread started: 线程组 1-90
2025-03-20 00:16:21,686 INFO o.a.j.t.JMeterThread: Thread is done: 线程组 1-54
2025-03-20 00:16:21,686 INFO o.a.j.t.JMeterThread: Thread finished: 线程组 1-54
2025-03-20 00:16:21,694 INFO o.a.j.t.JMeterThread: Thread started: 线程组 1-91
2025-03-20 00:16:21,703 INFO o.a.j.t.JMeterThread: Thread started: 线程组 1-92
2025-03-20 00:16:21,712 INFO o.a.j.t.JMeterThread: Thread started: 线程组 1-93
2025-03-20 00:16:21,717 INFO o.a.j.t.JMeterThread: Thread is done: 线程组 1-53
2025-03-20 00:16:21,718 INFO o.a.j.t.JMeterThread: Thread finished: 线程组 1-53
2025-03-20 00:16:21,718 INFO o.a.j.t.JMeterThread: Thread is done: 线程组 1-57
2025-03-20 00:16:21,718 INFO o.a.j.t.JMeterThread: Thread finished: 线程组 1-57
2025-03-20 00:16:21,723 INFO o.a.j.t.JMeterThread: Thread started: 线程组 1-94
2025-03-20 00:16:21,729 INFO o.a.j.t.JMeterThread: Thread is done: 线程组 1-58
2025-03-20 00:16:21,729 INFO o.a.j.t.JMeterThread: Thread finished: 线程组 1-58
2025-03-20 00:16:21,731 INFO o.a.j.t.JMeterThread: Thread started: 线程组 1-95
2025-03-20 00:16:21,743 INFO o.a.j.t.JMeterThread: Thread started: 线程组 1-96
2025-03-20 00:16:21,754 INFO o.a.j.t.JMeterThread: Thread started: 线程组 1-97
2025-03-20 00:16:21,762 INFO o.a.j.t.JMeterThread: Thread started: 线程组 1-98
2025-03-20 00:16:21,763 INFO o.a.j.t.JMeterThread: Thread is done: 线程组 1-59
2025-03-20 00:16:21,763 INFO o.a.j.t.JMeterThread: Thread finished: 线程组 1-59
2025-03-20 00:16:21,772 INFO o.a.j.t.JMeterThread: Thread started: 线程组 1-99
2025-03-20 00:16:21,777 INFO o.a.j.t.JMeterThread: Thread is done: 线程组 1-60
2025-03-20 00:16:21,777 INFO o.a.j.t.JMeterThread: Thread finished: 线程组 1-60
2025-03-20 00:16:21,781 INFO o.a.j.t.JMeterThread: Thread started: 线程组 1-100
2025-03-20 00:16:21,810 INFO o.a.j.t.JMeterThread: Thread is done: 线程组 1-63
2025-03-20 00:16:21,810 INFO o.a.j.t.JMeterThread: Thread finished: 线程组 1-63
2025-03-20 00:16:21,815 INFO o.a.j.t.JMeterThread: Thread is done: 线程组 1-47
2025-03-20 00:16:21,815 INFO o.a.j.t.JMeterThread: Thread finished: 线程组 1-47
2025-03-20 00:16:21,815 INFO o.a.j.t.JMeterThread: Thread is done: 线程组 1-52
2025-03-20 00:16:21,815 INFO o.a.j.t.JMeterThread: Thread finished: 线程组 1-52
2025-03-20 00:16:21,816 INFO o.a.j.t.JMeterThread: Thread is done: 线程组 1-64
2025-03-20 00:16:21,816 INFO o.a.j.t.JMeterThread: Thread finished: 线程组 1-64
2025-03-20 00:16:21,819 INFO o.a.j.t.JMeterThread: Thread is done: 线程组 1-62
2025-03-20 00:16:21,819 INFO o.a.j.t.JMeterThread: Thread finished: 线程组 1-62
2025-03-20 00:16:21,829 INFO o.a.j.t.JMeterThread: Thread is done: 线程组 1-61
2025-03-20 00:16:21,829 INFO o.a.j.t.JMeterThread: Thread finished: 线程组 1-61
2025-03-20 00:16:21,833 INFO o.a.j.t.JMeterThread: Thread is done: 线程组 1-67
2025-03-20 00:16:21,833 INFO o.a.j.t.JMeterThread: Thread finished: 线程组 1-67
2025-03-20 00:16:21,834 INFO o.a.j.t.JMeterThread: Thread is done: 线程组 1-65
2025-03-20 00:16:21,834 INFO o.a.j.t.JMeterThread: Thread finished: 线程组 1-65
2025-03-20 00:16:21,871 INFO o.a.j.t.JMeterThread: Thread is done: 线程组 1-68
2025-03-20 00:16:21,871 INFO o.a.j.t.JMeterThread: Thread finished: 线程组 1-68
2025-03-20 00:16:21,878 INFO o.a.j.t.JMeterThread: Thread is done: 线程组 1-69
2025-03-20 00:16:21,878 INFO o.a.j.t.JMeterThread: Thread finished: 线程组 1-69
2025-03-20 00:16:21,882 INFO o.a.j.t.JMeterThread: Thread is done: 线程组 1-66
2025-03-20 00:16:21,882 INFO o.a.j.t.JMeterThread: Thread is done: 线程组 1-70
2025-03-20 00:16:21,882 INFO o.a.j.t.JMeterThread: Thread finished: 线程组 1-70
2025-03-20 00:16:21,882 INFO o.a.j.t.JMeterThread: Thread finished: 线程组 1-66
2025-03-20 00:16:21,900 INFO o.a.j.t.JMeterThread: Thread is done: 线程组 1-73
2025-03-20 00:16:21,900 INFO o.a.j.t.JMeterThread: Thread finished: 线程组 1-73
2025-03-20 00:16:21,925 INFO o.a.j.t.JMeterThread: Thread is done: 线程组 1-76
2025-03-20 00:16:21,925 INFO o.a.j.t.JMeterThread: Thread finished: 线程组 1-76
2025-03-20 00:16:21,926 INFO o.a.j.t.JMeterThread: Thread is done: 线程组 1-75
2025-03-20 00:16:21,926 INFO o.a.j.t.JMeterThread: Thread finished: 线程组 1-75
2025-03-20 00:16:21,931 INFO o.a.j.t.JMeterThread: Thread is done: 线程组 1-71
2025-03-20 00:16:21,931 INFO o.a.j.t.JMeterThread: Thread finished: 线程组 1-71
2025-03-20 00:16:21,940 INFO o.a.j.t.JMeterThread: Thread is done: 线程组 1-74
2025-03-20 00:16:21,940 INFO o.a.j.t.JMeterThread: Thread finished: 线程组 1-74
2025-03-20 00:16:21,946 INFO o.a.j.t.JMeterThread: Thread is done: 线程组 1-77
2025-03-20 00:16:21,947 INFO o.a.j.t.JMeterThread: Thread finished: 线程组 1-77
2025-03-20 00:16:21,961 INFO o.a.j.t.JMeterThread: Thread is done: 线程组 1-78
2025-03-20 00:16:21,962 INFO o.a.j.t.JMeterThread: Thread finished: 线程组 1-78
2025-03-20 00:16:21,965 INFO o.a.j.t.JMeterThread: Thread is done: 线程组 1-80
2025-03-20 00:16:21,965 INFO o.a.j.t.JMeterThread: Thread finished: 线程组 1-80
2025-03-20 00:16:21,973 INFO o.a.j.t.JMeterThread: Thread is done: 线程组 1-82
2025-03-20 00:16:21,973 INFO o.a.j.t.JMeterThread: Thread finished: 线程组 1-82
2025-03-20 00:16:22,383 INFO o.a.j.t.JMeterThread: Thread is done: 线程组 1-87
2025-03-20 00:16:22,383 INFO o.a.j.t.JMeterThread: Thread finished: 线程组 1-87
2025-03-20 00:16:22,385 INFO o.a.j.t.JMeterThread: Thread is done: 线程组 1-88
2025-03-20 00:16:22,385 INFO o.a.j.t.JMeterThread: Thread finished: 线程组 1-88
2025-03-20 00:16:22,392 INFO o.a.j.t.JMeterThread: Thread is done: 线程组 1-89
2025-03-20 00:16:22,392 INFO o.a.j.t.JMeterThread: Thread finished: 线程组 1-89
2025-03-20 00:16:22,414 INFO o.a.j.t.JMeterThread: Thread is done: 线程组 1-83
2025-03-20 00:16:22,414 INFO o.a.j.t.JMeterThread: Thread finished: 线程组 1-83
2025-03-20 00:16:22,428 INFO o.a.j.t.JMeterThread: Thread is done: 线程组 1-92
2025-03-20 00:16:22,428 INFO o.a.j.t.JMeterThread: Thread finished: 线程组 1-92
2025-03-20 00:16:22,431 INFO o.a.j.t.JMeterThread: Thread is done: 线程组 1-90
2025-03-20 00:16:22,431 INFO o.a.j.t.JMeterThread: Thread finished: 线程组 1-90
2025-03-20 00:16:22,433 INFO o.a.j.t.JMeterThread: Thread is done: 线程组 1-93
2025-03-20 00:16:22,433 INFO o.a.j.t.JMeterThread: Thread finished: 线程组 1-93
2025-03-20 00:16:22,439 INFO o.a.j.t.JMeterThread: Thread is done: 线程组 1-98
2025-03-20 00:16:22,439 INFO o.a.j.t.JMeterThread: Thread finished: 线程组 1-98
2025-03-20 00:16:22,447 INFO o.a.j.t.JMeterThread: Thread is done: 线程组 1-96
2025-03-20 00:16:22,447 INFO o.a.j.t.JMeterThread: Thread finished: 线程组 1-96
2025-03-20 00:16:22,449 INFO o.a.j.t.JMeterThread: Thread is done: 线程组 1-99
2025-03-20 00:16:22,449 INFO o.a.j.t.JMeterThread: Thread finished: 线程组 1-99
2025-03-20 00:16:22,452 INFO o.a.j.t.JMeterThread: Thread is done: 线程组 1-91
2025-03-20 00:16:22,452 INFO o.a.j.t.JMeterThread: Thread is done: 线程组 1-97
2025-03-20 00:16:22,452 INFO o.a.j.t.JMeterThread: Thread finished: 线程组 1-91
2025-03-20 00:16:22,452 INFO o.a.j.t.JMeterThread: Thread finished: 线程组 1-97
2025-03-20 00:16:22,461 INFO o.a.j.t.JMeterThread: Thread is done: 线程组 1-95
2025-03-20 00:16:22,461 INFO o.a.j.t.JMeterThread: Thread finished: 线程组 1-95
2025-03-20 00:16:22,524 INFO o.a.j.t.JMeterThread: Thread is done: 线程组 1-100
2025-03-20 00:16:22,524 INFO o.a.j.t.JMeterThread: Thread finished: 线程组 1-100
2025-03-20 00:16:22,606 INFO o.a.j.t.JMeterThread: Thread is done: 线程组 1-26
2025-03-20 00:16:22,606 INFO o.a.j.t.JMeterThread: Thread finished: 线程组 1-26
2025-03-20 00:16:22,637 INFO o.a.j.t.JMeterThread: Thread is done: 线程组 1-29
2025-03-20 00:16:22,637 INFO o.a.j.t.JMeterThread: Thread finished: 线程组 1-29
2025-03-20 00:16:23,140 INFO o.a.j.t.JMeterThread: Thread is done: 线程组 1-55
2025-03-20 00:16:23,140 INFO o.a.j.t.JMeterThread: Thread finished: 线程组 1-55
2025-03-20 00:16:23,146 INFO o.a.j.t.JMeterThread: Thread is done: 线程组 1-49
2025-03-20 00:16:23,146 INFO o.a.j.t.JMeterThread: Thread finished: 线程组 1-49
2025-03-20 00:16:23,171 INFO o.a.j.t.JMeterThread: Thread is done: 线程组 1-56
2025-03-20 00:16:23,171 INFO o.a.j.t.JMeterThread: Thread finished: 线程组 1-56
2025-03-20 00:16:23,374 INFO o.a.j.t.JMeterThread: Thread is done: 线程组 1-81
2025-03-20 00:16:23,374 INFO o.a.j.t.JMeterThread: Thread finished: 线程组 1-81
2025-03-20 00:16:23,380 INFO o.a.j.t.JMeterThread: Thread is done: 线程组 1-85
2025-03-20 00:16:23,380 INFO o.a.j.t.JMeterThread: Thread finished: 线程组 1-85
2025-03-20 00:16:23,382 INFO o.a.j.t.JMeterThread: Thread is done: 线程组 1-79
2025-03-20 00:16:23,383 INFO o.a.j.t.JMeterThread: Thread finished: 线程组 1-79
2025-03-20 00:16:23,385 INFO o.a.j.t.JMeterThread: Thread is done: 线程组 1-86
2025-03-20 00:16:23,385 INFO o.a.j.t.JMeterThread: Thread finished: 线程组 1-86
2025-03-20 00:16:23,410 INFO o.a.j.t.JMeterThread: Thread is done: 线程组 1-84
2025-03-20 00:16:23,410 INFO o.a.j.t.JMeterThread: Thread finished: 线程组 1-84
2025-03-20 00:16:30,999 INFO o.a.j.t.JMeterThread: Stopping because end time detected by thread: 线程组 1-1
2025-03-20 00:16:30,999 INFO o.a.j.t.JMeterThread: Thread is done: 线程组 1-1
2025-03-20 00:16:30,999 INFO o.a.j.t.JMeterThread: Thread finished: 线程组 1-1
2025-03-20 00:16:31,463 INFO o.a.j.t.JMeterThread: Stopping because end time detected by thread: 线程组 1-48
2025-03-20 00:16:31,463 INFO o.a.j.t.JMeterThread: Thread is done: 线程组 1-48
2025-03-20 00:16:31,463 INFO o.a.j.t.JMeterThread: Thread finished: 线程组 1-48
2025-03-20 00:16:56,236 INFO o.a.j.g.a.Start: Shutting test down
2025-03-20 00:16:56,244 INFO o.a.j.t.JMeterThread: Stopping: 线程组 1-42
2025-03-20 00:16:56,244 INFO o.a.j.t.JMeterThread: Stopping: 线程组 1-72
2025-03-20 00:16:56,244 INFO o.a.j.t.JMeterThread: Stopping: 线程组 1-35
2025-03-20 00:16:56,244 INFO o.a.j.t.JMeterThread: Stopping: 线程组 1-94
2025-03-20 00:16:56,244 INFO o.a.j.t.JMeterThread: Stopping: 线程组 1-51
2025-03-20 00:17:17,793 INFO o.a.j.g.a.Start: Stopping test
2025-03-20 00:17:17,802 INFO o.a.j.t.JMeterThread: Stopping: 线程组 1-42
2025-03-20 00:17:17,802 WARN o.a.j.t.JMeterThread: Interrupting: 线程组 1-42 sampler: HTTP请求-谷歌
2025-03-20 00:17:17,802 INFO o.a.j.t.JMeterThread: Stopping: 线程组 1-72
2025-03-20 00:17:17,802 WARN o.a.j.t.JMeterThread: Interrupting: 线程组 1-72 sampler: HTTP请求-谷歌
2025-03-20 00:17:17,802 INFO o.a.j.t.JMeterThread: Stopping: 线程组 1-35
2025-03-20 00:17:17,802 WARN o.a.j.t.JMeterThread: Interrupting: 线程组 1-35 sampler: HTTP请求-谷歌
2025-03-20 00:17:17,803 INFO o.a.j.t.JMeterThread: Stopping: 线程组 1-94
2025-03-20 00:17:17,803 WARN o.a.j.t.JMeterThread: Interrupting: 线程组 1-94 sampler: HTTP请求-谷歌
2025-03-20 00:17:17,803 INFO o.a.j.t.JMeterThread: Stopping: 线程组 1-51
2025-03-20 00:17:17,803 WARN o.a.j.t.JMeterThread: Interrupting: 线程组 1-51 sampler: HTTP请求-谷歌
2025-03-20 00:17:17,803 INFO o.a.j.t.JMeterThread: Stopping because end time detected by thread: 线程组 1-72
2025-03-20 00:17:17,803 INFO o.a.j.t.JMeterThread: Stopping because end time detected by thread: 线程组 1-42
2025-03-20 00:17:17,804 INFO o.a.j.t.JMeterThread: Stopping because end time detected by thread: 线程组 1-35
2025-03-20 00:17:17,804 INFO o.a.j.t.JMeterThread: Thread is done: 线程组 1-42
2025-03-20 00:17:17,804 INFO o.a.j.t.JMeterThread: Thread is done: 线程组 1-72
2025-03-20 00:17:17,804 INFO o.a.j.t.JMeterThread: Thread is done: 线程组 1-35
2025-03-20 00:17:17,804 INFO o.a.j.t.JMeterThread: Thread finished: 线程组 1-42
2025-03-20 00:17:17,804 INFO o.a.j.t.JMeterThread: Thread finished: 线程组 1-35
2025-03-20 00:17:17,804 INFO o.a.j.t.JMeterThread: Stopping because end time detected by thread: 线程组 1-94
2025-03-20 00:17:17,804 INFO o.a.j.t.JMeterThread: Thread finished: 线程组 1-72
2025-03-20 00:17:17,804 INFO o.a.j.t.JMeterThread: Thread is done: 线程组 1-94
2025-03-20 00:17:17,804 INFO o.a.j.t.JMeterThread: Thread finished: 线程组 1-94
2025-03-20 00:17:17,804 INFO o.a.j.t.JMeterThread: Stopping because end time detected by thread: 线程组 1-51
2025-03-20 00:17:17,804 INFO o.a.j.t.JMeterThread: Thread is done: 线程组 1-51
2025-03-20 00:17:17,804 INFO o.a.j.t.JMeterThread: Thread finished: 线程组 1-51
2025-03-20 00:17:17,804 INFO o.a.j.e.StandardJMeterEngine: Notifying test listeners of end of test
2025-03-20 00:17:17,804 INFO o.a.j.g.u.JMeterMenuBar: setRunning(false, *local*)
2025-03-20 00:17:49,626 INFO o.a.j.e.StandardJMeterEngine: Running the test!
2025-03-20 00:17:49,626 INFO o.a.j.s.SampleEvent: List of sample_variables: []
2025-03-20 00:17:49,626 INFO o.a.j.g.u.JMeterMenuBar: setRunning(true, *local*)
2025-03-20 00:17:49,775 INFO o.a.j.e.StandardJMeterEngine: Starting ThreadGroup: 1 : 线程组
2025-03-20 00:17:49,776 INFO o.a.j.e.StandardJMeterEngine: Starting 10 threads for group 线程组.
2025-03-20 00:17:49,776 INFO o.a.j.e.StandardJMeterEngine: Thread will continue on error
2025-03-20 00:17:49,776 INFO o.a.j.t.ThreadGroup: Starting thread group... number=1 threads=10 ramp-up=1 delayedStart=false
2025-03-20 00:17:49,776 INFO o.a.j.t.JMeterThread: Thread started: 线程组 1-1
2025-03-20 00:17:49,777 INFO o.a.j.t.ThreadGroup: Started thread group number 1
2025-03-20 00:17:49,777 INFO o.a.j.e.StandardJMeterEngine: All thread groups have been started
2025-03-20 00:17:49,881 INFO o.a.j.t.JMeterThread: Thread started: 线程组 1-2
2025-03-20 00:17:49,981 INFO o.a.j.t.JMeterThread: Thread started: 线程组 1-3
2025-03-20 00:17:50,081 INFO o.a.j.t.JMeterThread: Thread started: 线程组 1-4
2025-03-20 00:17:50,135 INFO o.a.j.t.JMeterThread: Thread is done: 线程组 1-1
2025-03-20 00:17:50,135 INFO o.a.j.t.JMeterThread: Thread finished: 线程组 1-1
2025-03-20 00:17:50,181 INFO o.a.j.t.JMeterThread: Thread started: 线程组 1-5
2025-03-20 00:17:50,272 INFO o.a.j.t.JMeterThread: Thread is done: 线程组 1-2
2025-03-20 00:17:50,272 INFO o.a.j.t.JMeterThread: Thread finished: 线程组 1-2
2025-03-20 00:17:50,281 INFO o.a.j.t.JMeterThread: Thread started: 线程组 1-6
2025-03-20 00:17:50,381 INFO o.a.j.t.JMeterThread: Thread started: 线程组 1-7
2025-03-20 00:17:50,462 INFO o.a.j.t.JMeterThread: Thread is done: 线程组 1-3
2025-03-20 00:17:50,462 INFO o.a.j.t.JMeterThread: Thread finished: 线程组 1-3
2025-03-20 00:17:50,481 INFO o.a.j.t.JMeterThread: Thread started: 线程组 1-8
2025-03-20 00:17:50,484 INFO o.a.j.t.JMeterThread: Thread is done: 线程组 1-4
2025-03-20 00:17:50,484 INFO o.a.j.t.JMeterThread: Thread finished: 线程组 1-4
2025-03-20 00:17:50,579 INFO o.a.j.t.JMeterThread: Thread is done: 线程组 1-5
2025-03-20 00:17:50,579 INFO o.a.j.t.JMeterThread: Thread finished: 线程组 1-5
2025-03-20 00:17:50,581 INFO o.a.j.t.JMeterThread: Thread started: 线程组 1-9
2025-03-20 00:17:50,629 INFO o.a.j.t.JMeterThread: Thread is done: 线程组 1-6
2025-03-20 00:17:50,629 INFO o.a.j.t.JMeterThread: Thread finished: 线程组 1-6
2025-03-20 00:17:50,681 INFO o.a.j.t.JMeterThread: Thread started: 线程组 1-10
2025-03-20 00:17:50,813 INFO o.a.j.t.JMeterThread: Thread is done: 线程组 1-8
2025-03-20 00:17:50,813 INFO o.a.j.t.JMeterThread: Thread finished: 线程组 1-8
2025-03-20 00:17:50,919 INFO o.a.j.t.JMeterThread: Thread is done: 线程组 1-9
2025-03-20 00:17:50,920 INFO o.a.j.t.JMeterThread: Thread finished: 线程组 1-9
2025-03-20 00:17:51,037 INFO o.a.j.t.JMeterThread: Thread is done: 线程组 1-10
2025-03-20 00:17:51,037 INFO o.a.j.t.JMeterThread: Thread finished: 线程组 1-10
2025-03-20 00:17:51,919 INFO o.a.j.t.JMeterThread: Thread is done: 线程组 1-7
2025-03-20 00:17:51,919 INFO o.a.j.t.JMeterThread: Thread finished: 线程组 1-7
2025-03-20 00:17:51,919 INFO o.a.j.e.StandardJMeterEngine: Notifying test listeners of end of test
2025-03-20 00:17:51,920 INFO o.a.j.g.u.JMeterMenuBar: setRunning(false, *local*)
